#
# There is insufficient memory for the Java Runtime Environment to continue.
# Native memory allocation (malloc) failed to allocate 934016 bytes. Error detail: Chunk::new
# Possible reasons:
#   The system is out of physical RAM or swap space
#   This process is running with CompressedOops enabled, and the Java Heap may be blocking the growth of the native heap
# Possible solutions:
#   Reduce memory load on the system
#   Increase physical memory or swap space
#   Check if swap backing store is full
#   Decrease Java heap size (-Xmx/-Xms)
#   Decrease number of Java threads
#   Decrease Java thread stack sizes (-Xss)
#   Set larger code cache with -XX:ReservedCodeCacheSize=
#   JVM is running with Unscaled Compressed Oops mode in which the Java heap is
#     placed in the first 4GB address space. The Java Heap base address is the
#     maximum limit for the native heap growth. Please use -XX:HeapBaseMinAddress
#     to set the Java Heap base and to place the Java Heap above 4GB virtual address.
# This output file may be truncated or incomplete.
#
#  Out of Memory Error (arena.cpp:191), pid=14660, tid=14100
#
# JRE version: OpenJDK Runtime Environment Microsoft-11926163 (17.0.16+8) (build 17.0.16+8-LTS)
# Java VM: OpenJDK 64-Bit Server VM Microsoft-11926163 (17.0.16+8-LTS, mixed mode, sharing, tiered, compressed oops, compressed class ptrs, g1 gc, windows-amd64)
# No core dump will be written. Minidumps are not enabled by default on client versions of Windows
#

---------------  S U M M A R Y ------------

Command Line: --add-opens=java.base/java.lang=ALL-UNNAMED --add-opens=java.base/java.lang.invoke=ALL-UNNAMED --add-opens=java.base/java.util=ALL-UNNAMED --add-opens=java.prefs/java.util.prefs=ALL-UNNAMED --add-exports=jdk.compiler/com.sun.tools.javac.api=ALL-UNNAMED --add-exports=jdk.compiler/com.sun.tools.javac.util=ALL-UNNAMED --add-opens=java.base/java.util=ALL-UNNAMED --add-opens=java.prefs/java.util.prefs=ALL-UNNAMED --add-opens=java.base/java.nio.charset=ALL-UNNAMED --add-opens=java.base/java.net=ALL-UNNAMED --add-opens=java.base/java.util.concurrent.atomic=ALL-UNNAMED --add-opens=java.xml/javax.xml.namespace=ALL-UNNAMED -Xmx2048m -Dfile.encoding=UTF-8 -Duser.country=ID -Duser.language=en -Duser.variant -javaagent:C:\Users\Hype\.gradle\wrapper\dists\gradle-8.13-bin\5xuhj0ry160q40clulazy9h7d\gradle-8.13\lib\agents\gradle-instrumentation-agent-8.13.jar org.gradle.launcher.daemon.bootstrap.GradleDaemon 8.13

Host: AMD Ryzen 5 7430U with Radeon Graphics         , 12 cores, 11G,  Windows 11 , 64 bit Build 26100 (10.0.26100.8246)
Time: Mon Apr 20 10:21:51 2026 SE Asia Standard Time elapsed time: 15.607255 seconds (0d 0h 0m 15s)

---------------  T H R E A D  ---------------

Current thread (0x000001776eac6080):  JavaThread "C2 CompilerThread1" daemon [_thread_in_native, id=14100, stack(0x00000058ef300000,0x00000058ef400000)]


Current CompileTask:
C2:  15607 4071       4       org.objectweb.asm.Frame::execute (2303 bytes)

Stack: [0x00000058ef300000,0x00000058ef400000]
Native frames: (J=compiled Java code, j=interpreted, Vv=VM code, C=native code)
V  [jvm.dll+0x68ee19]
V  [jvm.dll+0x846249]
V  [jvm.dll+0x847fb8]
V  [jvm.dll+0x848643]
V  [jvm.dll+0x24cf6f]
V  [jvm.dll+0xaecb6]
V  [jvm.dll+0xaf35c]
V  [jvm.dll+0x2b4baf]
V  [jvm.dll+0x594a14]
V  [jvm.dll+0x226d84]
V  [jvm.dll+0x22718d]
V  [jvm.dll+0x220193]
V  [jvm.dll+0x21d260]
V  [jvm.dll+0x1a8ce6]
V  [jvm.dll+0x22db1b]
V  [jvm.dll+0x22bca6]
V  [jvm.dll+0x7fba9b]
V  [jvm.dll+0x7f5e9c]
V  [jvm.dll+0x68dd27]
C  [ucrtbase.dll+0x37b0]
C  [KERNEL32.DLL+0x2e8d7]
C  [ntdll.dll+0x8c3fc]


---------------  P R O C E S S  ---------------

Threads class SMR info:
_java_thread_list=0x000001777222c860, length=33, elements={
0x000001774a9fdf90, 0x0000017769313e70, 0x0000017769316760, 0x0000017769324570,
0x0000017769324e40, 0x0000017769325710, 0x000001776932a400, 0x000001776932b000,
0x000001776932b910, 0x0000017769338f80, 0x00000177693005d0, 0x00000177694fff40,
0x000001776f414f60, 0x000001776f3d97c0, 0x000001776e210f50, 0x000001776f51e010,
0x000001776f51e4f0, 0x00000177698147d0, 0x0000017769813db0, 0x00000177698142c0,
0x0000017769816630, 0x0000017769813390, 0x0000017769814ce0, 0x0000017769812e80,
0x0000017769815c10, 0x000001776eac6080, 0x00000177698151f0, 0x0000017769816120,
0x0000017769815700, 0x000001776f62e3c0, 0x000001776f62f2f0, 0x000001776f630220,
0x000001776f630730
}

Java Threads: ( => current thread )
  0x000001774a9fdf90 JavaThread "main" [_thread_blocked, id=9868, stack(0x00000058ecf00000,0x00000058ed000000)]
  0x0000017769313e70 JavaThread "Reference Handler" daemon [_thread_blocked, id=2436, stack(0x00000058ed600000,0x00000058ed700000)]
  0x0000017769316760 JavaThread "Finalizer" daemon [_thread_blocked, id=15328, stack(0x00000058ed700000,0x00000058ed800000)]
  0x0000017769324570 JavaThread "Signal Dispatcher" daemon [_thread_blocked, id=8448, stack(0x00000058ed800000,0x00000058ed900000)]
  0x0000017769324e40 JavaThread "Attach Listener" daemon [_thread_blocked, id=9124, stack(0x00000058ed900000,0x00000058eda00000)]
  0x0000017769325710 JavaThread "Service Thread" daemon [_thread_blocked, id=17008, stack(0x00000058eda00000,0x00000058edb00000)]
  0x000001776932a400 JavaThread "Monitor Deflation Thread" daemon [_thread_blocked, id=18116, stack(0x00000058edb00000,0x00000058edc00000)]
  0x000001776932b000 JavaThread "C2 CompilerThread0" daemon [_thread_in_native, id=2252, stack(0x00000058edc00000,0x00000058edd00000)]
  0x000001776932b910 JavaThread "C1 CompilerThread0" daemon [_thread_blocked, id=8808, stack(0x00000058edd00000,0x00000058ede00000)]
  0x0000017769338f80 JavaThread "Sweeper thread" daemon [_thread_blocked, id=7476, stack(0x00000058ede00000,0x00000058edf00000)]
  0x00000177693005d0 JavaThread "Common-Cleaner" daemon [_thread_blocked, id=12580, stack(0x00000058edf00000,0x00000058ee000000)]
  0x00000177694fff40 JavaThread "Notification Thread" daemon [_thread_blocked, id=4464, stack(0x00000058ee000000,0x00000058ee100000)]
  0x000001776f414f60 JavaThread "Daemon health stats" [_thread_blocked, id=17588, stack(0x00000058ee700000,0x00000058ee800000)]
  0x000001776f3d97c0 JavaThread "Incoming local TCP Connector on port 63156" [_thread_in_native, id=17420, stack(0x00000058ee200000,0x00000058ee300000)]
  0x000001776e210f50 JavaThread "Daemon periodic checks" [_thread_blocked, id=1484, stack(0x00000058ee900000,0x00000058eea00000)]
  0x000001776f51e010 JavaThread "Daemon" [_thread_blocked, id=5512, stack(0x00000058ee800000,0x00000058ee900000)]
  0x000001776f51e4f0 JavaThread "Handler for socket connection from /127.0.0.1:63156 to /127.0.0.1:63157" [_thread_in_native, id=18332, stack(0x00000058eea00000,0x00000058eeb00000)]
  0x00000177698147d0 JavaThread "Cancel handler" [_thread_blocked, id=7460, stack(0x00000058eeb00000,0x00000058eec00000)]
  0x0000017769813db0 JavaThread "Daemon worker" [_thread_in_native, id=10184, stack(0x00000058eec00000,0x00000058eed00000)]
  0x00000177698142c0 JavaThread "Asynchronous log dispatcher for DefaultDaemonConnection: socket connection from /127.0.0.1:63156 to /127.0.0.1:63157" [_thread_blocked, id=3900, stack(0x00000058eed00000,0x00000058eee00000)]
  0x0000017769816630 JavaThread "Stdin handler" [_thread_blocked, id=3852, stack(0x00000058eee00000,0x00000058eef00000)]
  0x0000017769813390 JavaThread "Daemon client event forwarder" [_thread_blocked, id=17172, stack(0x00000058eef00000,0x00000058ef000000)]
  0x0000017769814ce0 JavaThread "Cache worker for journal cache (C:\Users\Hype\.gradle\caches\journal-1)" [_thread_blocked, id=17748, stack(0x00000058ef000000,0x00000058ef100000)]
  0x0000017769812e80 JavaThread "File lock request listener" [_thread_in_native, id=18032, stack(0x00000058ef100000,0x00000058ef200000)]
  0x0000017769815c10 JavaThread "Cache worker for file hash cache (C:\Users\Hype\.gradle\caches\8.13\fileHashes)" [_thread_blocked, id=11992, stack(0x00000058ef200000,0x00000058ef300000)]
=>0x000001776eac6080 JavaThread "C2 CompilerThread1" daemon [_thread_in_native, id=14100, stack(0x00000058ef300000,0x00000058ef400000)]
  0x00000177698151f0 JavaThread "Cache worker for file hash cache (E:\TUGAS REVAN\Tugas KK\cbt-application\.gradle\8.13\fileHashes)" [_thread_blocked, id=14152, stack(0x00000058ef500000,0x00000058ef600000)]
  0x0000017769816120 JavaThread "Cache worker for Build Output Cleanup Cache (E:\TUGAS REVAN\Tugas KK\cbt-application\.gradle\buildOutputCleanup)" [_thread_blocked, id=3364, stack(0x00000058ef600000,0x00000058ef700000)]
  0x0000017769815700 JavaThread "File watcher server" daemon [_thread_in_native, id=17884, stack(0x00000058efe00000,0x00000058eff00000)]
  0x000001776f62e3c0 JavaThread "File watcher consumer" daemon [_thread_blocked, id=17504, stack(0x00000058eff00000,0x00000058f0000000)]
  0x000001776f62f2f0 JavaThread "Cache worker for checksums cache (E:\TUGAS REVAN\Tugas KK\cbt-application\.gradle\8.13\checksums)" [_thread_blocked, id=13872, stack(0x00000058f0000000,0x00000058f0100000)]
  0x000001776f630220 JavaThread "Cache worker for file content cache (C:\Users\Hype\.gradle\caches\8.13\fileContent)" [_thread_blocked, id=7464, stack(0x00000058f0100000,0x00000058f0200000)]
  0x000001776f630730 JavaThread "Cache worker for cache directory md-supplier (C:\Users\Hype\.gradle\caches\8.13\md-supplier)" [_thread_blocked, id=14216, stack(0x00000058ef400000,0x00000058ef500000)]

Other Threads:
  0x000001776930de90 VMThread "VM Thread" [stack: 0x00000058ed500000,0x00000058ed600000] [id=14932]
  0x0000017769500420 WatcherThread [stack: 0x00000058ee100000,0x00000058ee200000] [id=15620]
  0x000001774aa5b610 GCTaskThread "GC Thread#0" [stack: 0x00000058ed000000,0x00000058ed100000] [id=10304]
  0x0000017769c23e60 GCTaskThread "GC Thread#1" [stack: 0x00000058ee400000,0x00000058ee500000] [id=1348]
  0x0000017769c24120 GCTaskThread "GC Thread#2" [stack: 0x00000058ee500000,0x00000058ee600000] [id=8028]
  0x0000017769f3ec60 GCTaskThread "GC Thread#3" [stack: 0x00000058ee600000,0x00000058ee700000] [id=16796]
  0x0000017769cddd00 GCTaskThread "GC Thread#4" [stack: 0x00000058ee300000,0x00000058ee400000] [id=11788]
  0x000001776f9155c0 GCTaskThread "GC Thread#5" [stack: 0x00000058ef700000,0x00000058ef800000] [id=8104]
  0x000001776f914d80 GCTaskThread "GC Thread#6" [stack: 0x00000058ef800000,0x00000058ef900000] [id=16392]
  0x000001776f915300 GCTaskThread "GC Thread#7" [stack: 0x00000058ef900000,0x00000058efa00000] [id=11996]
  0x000001776f913d00 GCTaskThread "GC Thread#8" [stack: 0x00000058efa00000,0x00000058efb00000] [id=4600]
  0x000001776f915040 GCTaskThread "GC Thread#9" [stack: 0x00000058efb00000,0x00000058efc00000] [id=5008]
  0x000001774aa6c470 ConcurrentGCThread "G1 Main Marker" [stack: 0x00000058ed100000,0x00000058ed200000] [id=9592]
  0x000001774aa6da70 ConcurrentGCThread "G1 Conc#0" [stack: 0x00000058ed200000,0x00000058ed300000] [id=11356]
  0x000001776f915880 ConcurrentGCThread "G1 Conc#1" [stack: 0x00000058efc00000,0x00000058efd00000] [id=13804]
  0x000001776f913fc0 ConcurrentGCThread "G1 Conc#2" [stack: 0x00000058efd00000,0x00000058efe00000] [id=7388]
  0x000001774aaaec50 ConcurrentGCThread "G1 Refine#0" [stack: 0x00000058ed300000,0x00000058ed400000] [id=18100]
  0x00000177691ac970 ConcurrentGCThread "G1 Service" [stack: 0x00000058ed400000,0x00000058ed500000] [id=14752]

Threads with active compile tasks:
C2 CompilerThread0    15669 4151       4       java.lang.String::split (327 bytes)
C2 CompilerThread1    15669 4071       4       org.objectweb.asm.Frame::execute (2303 bytes)

VM state: not at safepoint (normal execution)

VM Mutex/Monitor currently owned by a thread: None

Heap address: 0x0000000080000000, size: 2048 MB, Compressed Oops mode: 32-bit

CDS archive(s) mapped at: [0x0000017700000000-0x0000017700bb0000-0x0000017700bb0000), size 12255232, SharedBaseAddress: 0x0000017700000000, ArchiveRelocationMode: 1.
Compressed class space mapped at: 0x0000017701000000-0x0000017741000000, reserved size: 1073741824
Narrow klass base: 0x0000017700000000, Narrow klass shift: 0, Narrow klass range: 0x100000000

GC Precious Log:
 CPUs: 12 total, 12 available
 Memory: 11676M
 Large Page Support: Disabled
 NUMA Support: Disabled
 Compressed Oops: Enabled (32-bit)
 Heap Region Size: 1M
 Heap Min Capacity: 8M
 Heap Initial Capacity: 184M
 Heap Max Capacity: 2G
 Pre-touch: Disabled
 Parallel Workers: 10
 Concurrent Workers: 3
 Concurrent Refinement Workers: 10
 Periodic GC: Disabled

Heap:
 garbage-first heap   total 92160K, used 66103K [0x0000000080000000, 0x0000000100000000)
  region size 1024K, 39 young (39936K), 2 survivors (2048K)
 Metaspace       used 34595K, committed 35072K, reserved 1114112K
  class space    used 4790K, committed 4992K, reserved 1048576K

Heap Regions: E=young(eden), S=young(survivor), O=old, HS=humongous(starts), HC=humongous(continues), CS=collection set, F=free, OA=open archive, CA=closed archive, TAMS=top-at-mark-start (previous, next)
|   0|0x0000000080000000, 0x0000000080100000, 0x0000000080100000|100%|HS|  |TAMS 0x0000000080100000, 0x0000000080000000| Complete 
|   1|0x0000000080100000, 0x0000000080200000, 0x0000000080200000|100%|HC|  |TAMS 0x0000000080200000, 0x0000000080100000| Complete 
|   2|0x0000000080200000, 0x0000000080300000, 0x0000000080300000|100%|HC|  |TAMS 0x0000000080300000, 0x0000000080200000| Complete 
|   3|0x0000000080300000, 0x0000000080400000, 0x0000000080400000|100%| O|  |TAMS 0x0000000080400000, 0x0000000080300000| Untracked 
|   4|0x0000000080400000, 0x0000000080500000, 0x0000000080500000|100%| O|  |TAMS 0x0000000080500000, 0x0000000080400000| Untracked 
|   5|0x0000000080500000, 0x0000000080600000, 0x0000000080600000|100%| O|  |TAMS 0x0000000080600000, 0x0000000080500000| Untracked 
|   6|0x0000000080600000, 0x0000000080700000, 0x0000000080700000|100%|HS|  |TAMS 0x0000000080700000, 0x0000000080600000| Complete 
|   7|0x0000000080700000, 0x0000000080800000, 0x0000000080800000|100%| O|  |TAMS 0x0000000080700000, 0x0000000080700000| Untracked 
|   8|0x0000000080800000, 0x0000000080900000, 0x0000000080900000|100%| O|  |TAMS 0x0000000080900000, 0x0000000080800000| Untracked 
|   9|0x0000000080900000, 0x0000000080a00000, 0x0000000080a00000|100%| O|  |TAMS 0x0000000080a00000, 0x0000000080900000| Untracked 
|  10|0x0000000080a00000, 0x0000000080b00000, 0x0000000080b00000|100%| O|  |TAMS 0x0000000080b00000, 0x0000000080a00000| Untracked 
|  11|0x0000000080b00000, 0x0000000080c00000, 0x0000000080c00000|100%| O|  |TAMS 0x0000000080c00000, 0x0000000080b00000| Untracked 
|  12|0x0000000080c00000, 0x0000000080d00000, 0x0000000080d00000|100%| O|  |TAMS 0x0000000080ccee00, 0x0000000080c00000| Untracked 
|  13|0x0000000080d00000, 0x0000000080e00000, 0x0000000080e00000|100%| O|  |TAMS 0x0000000080d00000, 0x0000000080d00000| Untracked 
|  14|0x0000000080e00000, 0x0000000080f00000, 0x0000000080f00000|100%| O|  |TAMS 0x0000000080e00000, 0x0000000080e00000| Untracked 
|  15|0x0000000080f00000, 0x0000000081000000, 0x0000000081000000|100%| O|  |TAMS 0x0000000080f00000, 0x0000000080f00000| Untracked 
|  16|0x0000000081000000, 0x0000000081100000, 0x0000000081100000|100%| O|  |TAMS 0x0000000081000000, 0x0000000081000000| Untracked 
|  17|0x0000000081100000, 0x0000000081200000, 0x0000000081200000|100%| O|  |TAMS 0x0000000081100000, 0x0000000081100000| Untracked 
|  18|0x0000000081200000, 0x0000000081300000, 0x0000000081300000|100%| O|  |TAMS 0x0000000081200000, 0x0000000081200000| Untracked 
|  19|0x0000000081300000, 0x0000000081400000, 0x0000000081400000|100%| O|  |TAMS 0x0000000081300000, 0x0000000081300000| Untracked 
|  20|0x0000000081400000, 0x0000000081500000, 0x0000000081500000|100%| O|  |TAMS 0x0000000081400000, 0x0000000081400000| Untracked 
|  21|0x0000000081500000, 0x0000000081600000, 0x0000000081600000|100%| O|  |TAMS 0x0000000081500000, 0x0000000081500000| Untracked 
|  22|0x0000000081600000, 0x0000000081700000, 0x0000000081700000|100%| O|  |TAMS 0x0000000081600000, 0x0000000081600000| Untracked 
|  23|0x0000000081700000, 0x0000000081728200, 0x0000000081800000| 15%| O|  |TAMS 0x0000000081700000, 0x0000000081700000| Untracked 
|  24|0x0000000081800000, 0x0000000081800000, 0x0000000081900000|  0%| F|  |TAMS 0x0000000081800000, 0x0000000081800000| Untracked 
|  25|0x0000000081900000, 0x0000000081900000, 0x0000000081a00000|  0%| F|  |TAMS 0x0000000081900000, 0x0000000081900000| Untracked 
|  26|0x0000000081a00000, 0x0000000081b00000, 0x0000000081b00000|100%| O|  |TAMS 0x0000000081a00000, 0x0000000081a00000| Untracked 
|  27|0x0000000081b00000, 0x0000000081c00000, 0x0000000081c00000|100%| O|  |TAMS 0x0000000081b00000, 0x0000000081b00000| Untracked 
|  28|0x0000000081c00000, 0x0000000081d00000, 0x0000000081d00000|100%| O|  |TAMS 0x0000000081c00000, 0x0000000081c00000| Untracked 
|  29|0x0000000081d00000, 0x0000000081da1c00, 0x0000000081e00000| 63%| O|  |TAMS 0x0000000081d00000, 0x0000000081d00000| Untracked 
|  30|0x0000000081e00000, 0x0000000081e00000, 0x0000000081f00000|  0%| F|  |TAMS 0x0000000081e00000, 0x0000000081e00000| Untracked 
|  31|0x0000000081f00000, 0x0000000081f00000, 0x0000000082000000|  0%| F|  |TAMS 0x0000000081f00000, 0x0000000081f00000| Untracked 
|  32|0x0000000082000000, 0x0000000082000000, 0x0000000082100000|  0%| F|  |TAMS 0x0000000082000000, 0x0000000082000000| Untracked 
|  33|0x0000000082100000, 0x0000000082100000, 0x0000000082200000|  0%| F|  |TAMS 0x0000000082100000, 0x0000000082100000| Untracked 
|  34|0x0000000082200000, 0x0000000082200000, 0x0000000082300000|  0%| F|  |TAMS 0x0000000082200000, 0x0000000082200000| Untracked 
|  35|0x0000000082300000, 0x0000000082300000, 0x0000000082400000|  0%| F|  |TAMS 0x0000000082300000, 0x0000000082300000| Untracked 
|  36|0x0000000082400000, 0x0000000082400000, 0x0000000082500000|  0%| F|  |TAMS 0x0000000082400000, 0x0000000082400000| Untracked 
|  37|0x0000000082500000, 0x0000000082500000, 0x0000000082600000|  0%| F|  |TAMS 0x0000000082500000, 0x0000000082500000| Untracked 
|  38|0x0000000082600000, 0x0000000082600000, 0x0000000082700000|  0%| F|  |TAMS 0x0000000082600000, 0x0000000082600000| Untracked 
|  39|0x0000000082700000, 0x0000000082700000, 0x0000000082800000|  0%| F|  |TAMS 0x0000000082700000, 0x0000000082700000| Untracked 
|  40|0x0000000082800000, 0x0000000082800000, 0x0000000082900000|  0%| F|  |TAMS 0x0000000082800000, 0x0000000082800000| Untracked 
|  41|0x0000000082900000, 0x0000000082900000, 0x0000000082a00000|  0%| F|  |TAMS 0x0000000082900000, 0x0000000082900000| Untracked 
|  42|0x0000000082a00000, 0x0000000082a00000, 0x0000000082b00000|  0%| F|  |TAMS 0x0000000082a00000, 0x0000000082a00000| Untracked 
|  43|0x0000000082b00000, 0x0000000082b00000, 0x0000000082c00000|  0%| F|  |TAMS 0x0000000082b00000, 0x0000000082b00000| Untracked 
|  44|0x0000000082c00000, 0x0000000082c00000, 0x0000000082d00000|  0%| F|  |TAMS 0x0000000082c00000, 0x0000000082c00000| Untracked 
|  45|0x0000000082d00000, 0x0000000082d00000, 0x0000000082e00000|  0%| F|  |TAMS 0x0000000082d00000, 0x0000000082d00000| Untracked 
|  46|0x0000000082e00000, 0x0000000082e00000, 0x0000000082f00000|  0%| F|  |TAMS 0x0000000082e00000, 0x0000000082e00000| Untracked 
|  47|0x0000000082f00000, 0x0000000082f00000, 0x0000000083000000|  0%| F|  |TAMS 0x0000000082f00000, 0x0000000082f00000| Untracked 
|  48|0x0000000083000000, 0x0000000083000000, 0x0000000083100000|  0%| F|  |TAMS 0x0000000083000000, 0x0000000083000000| Untracked 
|  49|0x0000000083100000, 0x00000000831c40e0, 0x0000000083200000| 76%| S|CS|TAMS 0x0000000083100000, 0x0000000083100000| Complete 
|  50|0x0000000083200000, 0x0000000083300000, 0x0000000083300000|100%| S|CS|TAMS 0x0000000083200000, 0x0000000083200000| Complete 
|  51|0x0000000083300000, 0x0000000083300000, 0x0000000083400000|  0%| F|  |TAMS 0x0000000083300000, 0x0000000083300000| Untracked 
|  52|0x0000000083400000, 0x0000000083400000, 0x0000000083500000|  0%| F|  |TAMS 0x0000000083400000, 0x0000000083400000| Untracked 
|  53|0x0000000083500000, 0x0000000083580000, 0x0000000083600000| 50%| E|  |TAMS 0x0000000083500000, 0x0000000083500000| Complete 
|  54|0x0000000083600000, 0x0000000083700000, 0x0000000083700000|100%| E|CS|TAMS 0x0000000083600000, 0x0000000083600000| Complete 
|  55|0x0000000083700000, 0x0000000083800000, 0x0000000083800000|100%| E|CS|TAMS 0x0000000083700000, 0x0000000083700000| Complete 
|  56|0x0000000083800000, 0x0000000083900000, 0x0000000083900000|100%| E|CS|TAMS 0x0000000083800000, 0x0000000083800000| Complete 
|  57|0x0000000083900000, 0x0000000083a00000, 0x0000000083a00000|100%| E|CS|TAMS 0x0000000083900000, 0x0000000083900000| Complete 
|  58|0x0000000083a00000, 0x0000000083b00000, 0x0000000083b00000|100%| E|CS|TAMS 0x0000000083a00000, 0x0000000083a00000| Complete 
|  59|0x0000000083b00000, 0x0000000083c00000, 0x0000000083c00000|100%| E|CS|TAMS 0x0000000083b00000, 0x0000000083b00000| Complete 
|  60|0x0000000083c00000, 0x0000000083d00000, 0x0000000083d00000|100%| E|CS|TAMS 0x0000000083c00000, 0x0000000083c00000| Complete 
|  61|0x0000000083d00000, 0x0000000083e00000, 0x0000000083e00000|100%| E|CS|TAMS 0x0000000083d00000, 0x0000000083d00000| Complete 
|  62|0x0000000083e00000, 0x0000000083f00000, 0x0000000083f00000|100%| E|CS|TAMS 0x0000000083e00000, 0x0000000083e00000| Complete 
|  63|0x0000000083f00000, 0x0000000084000000, 0x0000000084000000|100%| E|CS|TAMS 0x0000000083f00000, 0x0000000083f00000| Complete 
|  64|0x0000000084000000, 0x0000000084100000, 0x0000000084100000|100%| E|CS|TAMS 0x0000000084000000, 0x0000000084000000| Complete 
|  65|0x0000000084100000, 0x0000000084200000, 0x0000000084200000|100%| E|CS|TAMS 0x0000000084100000, 0x0000000084100000| Complete 
|  66|0x0000000084200000, 0x0000000084300000, 0x0000000084300000|100%| E|CS|TAMS 0x0000000084200000, 0x0000000084200000| Complete 
|  67|0x0000000084300000, 0x0000000084400000, 0x0000000084400000|100%| E|CS|TAMS 0x0000000084300000, 0x0000000084300000| Complete 
|  68|0x0000000084400000, 0x0000000084500000, 0x0000000084500000|100%| E|CS|TAMS 0x0000000084400000, 0x0000000084400000| Complete 
|  69|0x0000000084500000, 0x0000000084600000, 0x0000000084600000|100%| E|CS|TAMS 0x0000000084500000, 0x0000000084500000| Complete 
|  70|0x0000000084600000, 0x0000000084700000, 0x0000000084700000|100%| E|CS|TAMS 0x0000000084600000, 0x0000000084600000| Complete 
|  71|0x0000000084700000, 0x0000000084800000, 0x0000000084800000|100%| E|CS|TAMS 0x0000000084700000, 0x0000000084700000| Complete 
|  72|0x0000000084800000, 0x0000000084900000, 0x0000000084900000|100%| E|CS|TAMS 0x0000000084800000, 0x0000000084800000| Complete 
|  73|0x0000000084900000, 0x0000000084a00000, 0x0000000084a00000|100%| E|CS|TAMS 0x0000000084900000, 0x0000000084900000| Complete 
|  74|0x0000000084a00000, 0x0000000084b00000, 0x0000000084b00000|100%| E|CS|TAMS 0x0000000084a00000, 0x0000000084a00000| Complete 
|  75|0x0000000084b00000, 0x0000000084c00000, 0x0000000084c00000|100%| E|CS|TAMS 0x0000000084b00000, 0x0000000084b00000| Complete 
|  76|0x0000000084c00000, 0x0000000084d00000, 0x0000000084d00000|100%| E|CS|TAMS 0x0000000084c00000, 0x0000000084c00000| Complete 
|  77|0x0000000084d00000, 0x0000000084e00000, 0x0000000084e00000|100%| E|CS|TAMS 0x0000000084d00000, 0x0000000084d00000| Complete 
|  78|0x0000000084e00000, 0x0000000084f00000, 0x0000000084f00000|100%| E|CS|TAMS 0x0000000084e00000, 0x0000000084e00000| Complete 
|  79|0x0000000084f00000, 0x0000000085000000, 0x0000000085000000|100%| E|CS|TAMS 0x0000000084f00000, 0x0000000084f00000| Complete 
|  80|0x0000000085000000, 0x0000000085100000, 0x0000000085100000|100%| E|CS|TAMS 0x0000000085000000, 0x0000000085000000| Complete 
|  81|0x0000000085100000, 0x0000000085200000, 0x0000000085200000|100%| E|CS|TAMS 0x0000000085100000, 0x0000000085100000| Complete 
|  82|0x0000000085200000, 0x0000000085300000, 0x0000000085300000|100%| E|CS|TAMS 0x0000000085200000, 0x0000000085200000| Complete 
|  83|0x0000000085300000, 0x0000000085400000, 0x0000000085400000|100%| E|CS|TAMS 0x0000000085300000, 0x0000000085300000| Complete 
|  84|0x0000000085400000, 0x0000000085500000, 0x0000000085500000|100%| E|CS|TAMS 0x0000000085400000, 0x0000000085400000| Complete 
|  85|0x0000000085500000, 0x0000000085600000, 0x0000000085600000|100%| E|CS|TAMS 0x0000000085500000, 0x0000000085500000| Complete 
|  86|0x0000000085600000, 0x0000000085700000, 0x0000000085700000|100%| E|CS|TAMS 0x0000000085600000, 0x0000000085600000| Complete 
| 180|0x000000008b400000, 0x000000008b500000, 0x000000008b500000|100%| E|CS|TAMS 0x000000008b400000, 0x000000008b400000| Complete 
| 181|0x000000008b500000, 0x000000008b600000, 0x000000008b600000|100%| E|CS|TAMS 0x000000008b500000, 0x000000008b500000| Complete 
| 183|0x000000008b700000, 0x000000008b800000, 0x000000008b800000|100%| E|CS|TAMS 0x000000008b700000, 0x000000008b700000| Complete 

Card table byte_map: [0x0000017761ea0000,0x00000177622a0000] _byte_map_base: 0x0000017761aa0000

Marking Bits (Prev, Next): (CMBitMap*) 0x000001774aa5bb80, (CMBitMap*) 0x000001774aa5bb40
 Prev Bits: [0x00000177646a0000, 0x00000177666a0000)
 Next Bits: [0x00000177626a0000, 0x00000177646a0000)

Polling page: 0x000001774a1b0000

Metaspace:

Usage:
  Non-class:     29.12 MB used.
      Class:      4.68 MB used.
       Both:     33.80 MB used.

Virtual space:
  Non-class space:       64.00 MB reserved,      29.38 MB ( 46%) committed,  1 nodes.
      Class space:        1.00 GB reserved,       4.88 MB ( <1%) committed,  1 nodes.
             Both:        1.06 GB reserved,      34.25 MB (  3%) committed. 

Chunk freelists:
   Non-Class:  2.16 MB
       Class:  10.95 MB
        Both:  13.11 MB

MaxMetaspaceSize: unlimited
CompressedClassSpaceSize: 1.00 GB
Initial GC threshold: 21.00 MB
Current GC threshold: 35.12 MB
CDS: on
MetaspaceReclaimPolicy: balanced
 - commit_granule_bytes: 65536.
 - commit_granule_words: 8192.
 - virtual_space_node_default_size: 8388608.
 - enlarge_chunks_in_place: 1.
 - new_chunks_are_fully_committed: 0.
 - uncommit_free_chunks: 1.
 - use_allocation_guard: 0.
 - handle_deallocations: 1.


Internal statistics:

num_allocs_failed_limit: 3.
num_arena_births: 506.
num_arena_deaths: 0.
num_vsnodes_births: 2.
num_vsnodes_deaths: 0.
num_space_committed: 548.
num_space_uncommitted: 0.
num_chunks_returned_to_freelist: 3.
num_chunks_taken_from_freelist: 1814.
num_chunk_merges: 3.
num_chunk_splits: 1206.
num_chunks_enlarged: 829.
num_inconsistent_stats: 0.

CodeHeap 'non-profiled nmethods': size=120000Kb used=2844Kb max_used=2844Kb free=117156Kb
 bounds [0x000001775a020000, 0x000001775a2f0000, 0x0000017761550000]
CodeHeap 'profiled nmethods': size=120000Kb used=8472Kb max_used=8472Kb free=111527Kb
 bounds [0x0000017752550000, 0x0000017752da0000, 0x0000017759a80000]
CodeHeap 'non-nmethods': size=5760Kb used=1599Kb max_used=1641Kb free=4160Kb
 bounds [0x0000017759a80000, 0x0000017759cf0000, 0x000001775a020000]
 total_blobs=4816 nmethods=4156 adapters=571
 compilation: enabled
              stopped_count=0, restarted_count=0
 full_count=0

Compilation events (20 events):
Event: 14.574 Thread 0x000001776932b000 nmethod 4110 0x000001775a2bc190 code [0x000001775a2bc340, 0x000001775a2bcb78]
Event: 14.574 Thread 0x000001776932b910 4119       3       java.util.Spliterators$ArraySpliterator::<init> (10 bytes)
Event: 14.574 Thread 0x000001776932b910 nmethod 4119 0x0000017752d7b690 code [0x0000017752d7b840, 0x0000017752d7ba98]
Event: 14.574 Thread 0x000001776932b910 4122       3       org.objectweb.asm.Frame::setLocal (65 bytes)
Event: 14.575 Thread 0x000001776932b910 nmethod 4122 0x0000017752d7bb90 code [0x0000017752d7bd60, 0x0000017752d7c288]
Event: 14.575 Thread 0x000001776932b910 4121       3       org.gradle.model.internal.asm.MethodVisitorScope::_ARETURN (8 bytes)
Event: 14.575 Thread 0x000001776932b910 nmethod 4121 0x0000017752d7c490 code [0x0000017752d7c640, 0x0000017752d7c8a8]
Event: 14.575 Thread 0x000001776932b910 4123       1       com.google.common.collect.SingletonImmutableList::size (2 bytes)
Event: 14.575 Thread 0x000001776932b910 nmethod 4123 0x000001775a2bce90 code [0x000001775a2bd020, 0x000001775a2bd0f8]
Event: 14.577 Thread 0x000001776932b000 4124       4       java.security.SecureClassLoader::getProtectionDomain (38 bytes)
Event: 14.581 Thread 0x000001776932b000 nmethod 4124 0x000001775a2bd190 code [0x000001775a2bd340, 0x000001775a2bd548]
Event: 14.592 Thread 0x000001776932b910 4125       3       org.gradle.internal.reflect.ClassInspector::inspectClass (179 bytes)
Event: 14.594 Thread 0x000001776932b910 nmethod 4125 0x0000017752d7c990 code [0x0000017752d7cce0, 0x0000017752d7df38]
Event: 14.594 Thread 0x000001776932b910 4126       3       org.objectweb.asm.Type::appendDescriptor (185 bytes)
Event: 14.596 Thread 0x000001776932b910 nmethod 4126 0x0000017752d7e790 code [0x0000017752d7ea60, 0x0000017752d7f638]
Event: 14.598 Thread 0x000001776932b000 4127       4       java.net.URLClassLoader$1::run (5 bytes)
Event: 14.602 Thread 0x000001776932b910 4130       3       org.gradle.model.internal.asm.MethodVisitorScope::_INVOKESTATIC (11 bytes)
Event: 14.603 Thread 0x000001776932b910 nmethod 4130 0x0000017752d7fa10 code [0x0000017752d7fbe0, 0x0000017752d7fe78]
Event: 14.603 Thread 0x000001776932b910 4131       3       org.gradle.model.internal.asm.MethodVisitorScope::_INVOKESTATIC (12 bytes)
Event: 14.603 Thread 0x000001776932b910 nmethod 4131 0x0000017752d80010 code [0x0000017752d801c0, 0x0000017752d80328]

GC Heap History (14 events):
Event: 0.945 GC heap before
{Heap before GC invocations=0 (full 0):
 garbage-first heap   total 188416K, used 22528K [0x0000000080000000, 0x0000000100000000)
  region size 1024K, 23 young (23552K), 0 survivors (0K)
 Metaspace       used 1070K, committed 1216K, reserved 1114112K
  class space    used 73K, committed 128K, reserved 1048576K
}
Event: 0.949 GC heap after
{Heap after GC invocations=1 (full 0):
 garbage-first heap   total 188416K, used 2688K [0x0000000080000000, 0x0000000100000000)
  region size 1024K, 3 young (3072K), 3 survivors (3072K)
 Metaspace       used 1070K, committed 1216K, reserved 1114112K
  class space    used 73K, committed 128K, reserved 1048576K
}
Event: 2.188 GC heap before
{Heap before GC invocations=1 (full 0):
 garbage-first heap   total 188416K, used 39552K [0x0000000080000000, 0x0000000100000000)
  region size 1024K, 37 young (37888K), 3 survivors (3072K)
 Metaspace       used 4395K, committed 4544K, reserved 1114112K
  class space    used 548K, committed 640K, reserved 1048576K
}
Event: 2.196 GC heap after
{Heap after GC invocations=2 (full 0):
 garbage-first heap   total 188416K, used 10981K [0x0000000080000000, 0x0000000100000000)
  region size 1024K, 5 young (5120K), 5 survivors (5120K)
 Metaspace       used 4395K, committed 4544K, reserved 1114112K
  class space    used 548K, committed 640K, reserved 1048576K
}
Event: 3.555 GC heap before
{Heap before GC invocations=2 (full 0):
 garbage-first heap   total 188416K, used 59109K [0x0000000080000000, 0x0000000100000000)
  region size 1024K, 50 young (51200K), 5 survivors (5120K)
 Metaspace       used 4843K, committed 4992K, reserved 1114112K
  class space    used 618K, committed 704K, reserved 1048576K
}
Event: 3.567 GC heap after
{Heap after GC invocations=3 (full 0):
 garbage-first heap   total 188416K, used 16565K [0x0000000080000000, 0x0000000100000000)
  region size 1024K, 5 young (5120K), 5 survivors (5120K)
 Metaspace       used 4843K, committed 4992K, reserved 1114112K
  class space    used 618K, committed 704K, reserved 1048576K
}
Event: 11.294 GC heap before
{Heap before GC invocations=3 (full 0):
 garbage-first heap   total 188416K, used 124085K [0x0000000080000000, 0x0000000100000000)
  region size 1024K, 110 young (112640K), 5 survivors (5120K)
 Metaspace       used 20985K, committed 21376K, reserved 1114112K
  class space    used 3045K, committed 3200K, reserved 1048576K
}
Event: 11.305 GC heap after
{Heap after GC invocations=4 (full 0):
 garbage-first heap   total 188416K, used 24077K [0x0000000080000000, 0x0000000100000000)
  region size 1024K, 12 young (12288K), 12 survivors (12288K)
 Metaspace       used 20985K, committed 21376K, reserved 1114112K
  class space    used 3045K, committed 3200K, reserved 1048576K
}
Event: 11.345 GC heap before
{Heap before GC invocations=4 (full 0):
 garbage-first heap   total 188416K, used 25101K [0x0000000080000000, 0x0000000100000000)
  region size 1024K, 14 young (14336K), 12 survivors (12288K)
 Metaspace       used 21145K, committed 21504K, reserved 1114112K
  class space    used 3070K, committed 3264K, reserved 1048576K
}
Event: 11.354 GC heap after
{Heap after GC invocations=5 (full 0):
 garbage-first heap   total 188416K, used 25195K [0x0000000080000000, 0x0000000100000000)
  region size 1024K, 2 young (2048K), 2 survivors (2048K)
 Metaspace       used 21145K, committed 21504K, reserved 1114112K
  class space    used 3070K, committed 3264K, reserved 1048576K
}
Event: 13.103 GC heap before
{Heap before GC invocations=6 (full 0):
 garbage-first heap   total 92160K, used 77419K [0x0000000080000000, 0x0000000100000000)
  region size 1024K, 54 young (55296K), 2 survivors (2048K)
 Metaspace       used 29507K, committed 29952K, reserved 1114112K
  class space    used 4100K, committed 4288K, reserved 1048576K
}
Event: 13.108 GC heap after
{Heap after GC invocations=7 (full 0):
 garbage-first heap   total 92160K, used 28280K [0x0000000080000000, 0x0000000100000000)
  region size 1024K, 5 young (5120K), 5 survivors (5120K)
 Metaspace       used 29507K, committed 29952K, reserved 1114112K
  class space    used 4100K, committed 4288K, reserved 1048576K
}
Event: 13.906 GC heap before
{Heap before GC invocations=7 (full 0):
 garbage-first heap   total 92160K, used 69240K [0x0000000080000000, 0x0000000100000000)
  region size 1024K, 44 young (45056K), 5 survivors (5120K)
 Metaspace       used 31845K, committed 32256K, reserved 1114112K
  class space    used 4338K, committed 4544K, reserved 1048576K
}
Event: 13.910 GC heap after
{Heap after GC invocations=8 (full 0):
 garbage-first heap   total 92160K, used 29239K [0x0000000080000000, 0x0000000100000000)
  region size 1024K, 2 young (2048K), 2 survivors (2048K)
 Metaspace       used 31845K, committed 32256K, reserved 1114112K
  class space    used 4338K, committed 4544K, reserved 1048576K
}

Dll operation events (15 events):
Event: 0.015 Loaded shared library C:\Program Files\Microsoft\jdk-17.0.16.8-hotspot\bin\java.dll
Event: 0.035 Loaded shared library C:\Program Files\Microsoft\jdk-17.0.16.8-hotspot\bin\jsvml.dll
Event: 0.101 Loaded shared library C:\Program Files\Microsoft\jdk-17.0.16.8-hotspot\bin\zip.dll
Event: 0.105 Loaded shared library C:\Program Files\Microsoft\jdk-17.0.16.8-hotspot\bin\instrument.dll
Event: 0.112 Loaded shared library C:\Program Files\Microsoft\jdk-17.0.16.8-hotspot\bin\net.dll
Event: 0.115 Loaded shared library C:\Program Files\Microsoft\jdk-17.0.16.8-hotspot\bin\nio.dll
Event: 0.119 Loaded shared library C:\Program Files\Microsoft\jdk-17.0.16.8-hotspot\bin\zip.dll
Event: 0.775 Loaded shared library C:\Program Files\Microsoft\jdk-17.0.16.8-hotspot\bin\jimage.dll
Event: 1.140 Loaded shared library C:\Program Files\Microsoft\jdk-17.0.16.8-hotspot\bin\verify.dll
Event: 1.297 Loaded shared library C:\Users\Hype\.gradle\native\1def1411415f61bf3af743bc5b6707747c0891f09f0c88961ee8f79bc544acac\windows-amd64\native-platform.dll
Event: 1.321 Loaded shared library C:\Users\Hype\.gradle\native\0.2.7\x86_64-windows-gnu\gradle-fileevents.dll
Event: 3.993 Loaded shared library C:\Program Files\Microsoft\jdk-17.0.16.8-hotspot\bin\management.dll
Event: 4.001 Loaded shared library C:\Program Files\Microsoft\jdk-17.0.16.8-hotspot\bin\management_ext.dll
Event: 4.542 Loaded shared library C:\Program Files\Microsoft\jdk-17.0.16.8-hotspot\bin\extnet.dll
Event: 5.377 Loaded shared library C:\Program Files\Microsoft\jdk-17.0.16.8-hotspot\bin\sunmscapi.dll

Deoptimization events (20 events):
Event: 14.220 Thread 0x0000017769813db0 Uncommon trap: trap_request=0xffffffc6 fr.pc=0x000001775a25affc relative=0x000000000000013c
Event: 14.220 Thread 0x0000017769813db0 Uncommon trap: reason=bimorphic_or_optimized_type_check action=maybe_recompile pc=0x000001775a25affc method=java.util.stream.ReferencePipeline.forEachWithCancel(Ljava/util/Spliterator;Ljava/util/stream/Sink;)Z @ 1 c2
Event: 14.220 Thread 0x0000017769813db0 DEOPT PACKING pc=0x000001775a25affc sp=0x00000058eecf8600
Event: 14.220 Thread 0x0000017769813db0 DEOPT UNPACKING pc=0x0000017759ad69a3 sp=0x00000058eecf8580 mode 2
Event: 14.272 Thread 0x0000017769813db0 Uncommon trap: trap_request=0xffffffde fr.pc=0x000001775a218cb8 relative=0x00000000000043d8
Event: 14.272 Thread 0x0000017769813db0 Uncommon trap: reason=class_check action=maybe_recompile pc=0x000001775a218cb8 method=jdk.internal.loader.URLClassPath.getLoader(I)Ljdk/internal/loader/URLClassPath$Loader; @ 88 c2
Event: 14.273 Thread 0x0000017769813db0 DEOPT PACKING pc=0x000001775a218cb8 sp=0x00000058eecfa110
Event: 14.273 Thread 0x0000017769813db0 DEOPT UNPACKING pc=0x0000017759ad69a3 sp=0x00000058eecfa120 mode 2
Event: 14.273 Thread 0x0000017769813db0 Uncommon trap: trap_request=0xffffffde fr.pc=0x000001775a2897ac relative=0x000000000000050c
Event: 14.273 Thread 0x0000017769813db0 Uncommon trap: reason=class_check action=maybe_recompile pc=0x000001775a2897ac method=jdk.internal.loader.URLClassPath.getResource(Ljava/lang/String;Z)Ljdk/internal/loader/Resource; @ 53 c2
Event: 14.273 Thread 0x0000017769813db0 DEOPT PACKING pc=0x000001775a2897ac sp=0x00000058eecfa1f0
Event: 14.273 Thread 0x0000017769813db0 DEOPT UNPACKING pc=0x0000017759ad69a3 sp=0x00000058eecfa1b0 mode 2
Event: 14.273 Thread 0x0000017769813db0 Uncommon trap: trap_request=0xffffff45 fr.pc=0x000001775a205584 relative=0x0000000000003844
Event: 14.273 Thread 0x0000017769813db0 Uncommon trap: reason=unstable_if action=reinterpret pc=0x000001775a205584 method=java.lang.String.regionMatches(ZILjava/lang/String;II)Z @ 36 c2
Event: 14.273 Thread 0x0000017769813db0 DEOPT PACKING pc=0x000001775a205584 sp=0x00000058eecfa040
Event: 14.273 Thread 0x0000017769813db0 DEOPT UNPACKING pc=0x0000017759ad69a3 sp=0x00000058eecf9f60 mode 2
Event: 14.277 Thread 0x0000017769813db0 Uncommon trap: trap_request=0xffffff45 fr.pc=0x000001775a1b1404 relative=0x0000000000000724
Event: 14.277 Thread 0x0000017769813db0 Uncommon trap: reason=unstable_if action=reinterpret pc=0x000001775a1b1404 method=java.lang.Class.getPackageName()Ljava/lang/String; @ 55 c2
Event: 14.277 Thread 0x0000017769813db0 DEOPT PACKING pc=0x000001775a1b1404 sp=0x00000058eecf9f10
Event: 14.277 Thread 0x0000017769813db0 DEOPT UNPACKING pc=0x0000017759ad69a3 sp=0x00000058eecf9ed0 mode 2

Classes loaded (20 events):
Event: 13.401 Loading class sun/nio/fs/WindowsException
Event: 13.402 Loading class sun/nio/fs/WindowsException done
Event: 13.498 Loading class java/util/Collections$SynchronizedRandomAccessList
Event: 13.499 Loading class java/util/Collections$SynchronizedList
Event: 13.499 Loading class java/util/Collections$SynchronizedList done
Event: 13.499 Loading class java/util/Collections$SynchronizedRandomAccessList done
Event: 13.554 Loading class java/lang/invoke/BoundMethodHandle$Species_LLLLLLLLLLLLLLLLLLLLLLLL
Event: 13.554 Loading class java/lang/invoke/BoundMethodHandle$Species_LLLLLLLLLLLLLLLLLLLLLLLL done
Event: 13.558 Loading class java/lang/invoke/BoundMethodHandle$Species_LLLLLLLLLLLLLLLLLLLLLLLLL
Event: 13.558 Loading class java/lang/invoke/BoundMethodHandle$Species_LLLLLLLLLLLLLLLLLLLLLLLLL done
Event: 13.561 Loading class java/lang/invoke/BoundMethodHandle$Species_LLLLLLLLLLLLLLLLLLLLLLLLLL
Event: 13.561 Loading class java/lang/invoke/BoundMethodHandle$Species_LLLLLLLLLLLLLLLLLLLLLLLLLL done
Event: 14.068 Loading class java/nio/charset/CharacterCodingException
Event: 14.069 Loading class java/nio/charset/CharacterCodingException done
Event: 14.234 Loading class java/util/stream/Streams$RangeIntSpliterator
Event: 14.235 Loading class java/util/stream/Streams$RangeIntSpliterator done
Event: 14.270 Loading class jdk/internal/loader/URLClassPath$FileLoader
Event: 14.270 Loading class jdk/internal/loader/URLClassPath$FileLoader done
Event: 14.273 Loading class jdk/internal/loader/URLClassPath$FileLoader$1
Event: 14.273 Loading class jdk/internal/loader/URLClassPath$FileLoader$1 done

Classes unloaded (0 events):
No events

Classes redefined (0 events):
No events

Internal exceptions (20 events):
Event: 13.327 Thread 0x0000017769813db0 Exception <a 'java/lang/ClassNotFoundException'{0x0000000084d5aa18}: groovy/lang/GroovyObjectSupportCustomizer> (0x0000000084d5aa18) 
thrown [s\src\hotspot\share\classfile\systemDictionary.cpp, line 256]
Event: 13.330 Thread 0x0000017769813db0 Exception <a 'java/lang/ClassNotFoundException'{0x0000000084d75f00}: org/gradle/internal/extensibility/DefaultExtraPropertiesExtensionCustomizer> (0x0000000084d75f00) 
thrown [s\src\hotspot\share\classfile\systemDictionary.cpp, line 256]
Event: 13.402 Thread 0x0000017769813db0 Exception <a 'sun/nio/fs/WindowsException'{0x0000000084c89718}> (0x0000000084c89718) 
thrown [s\src\hotspot\share\prims\jni.cpp, line 516]
Event: 13.403 Thread 0x0000017769813db0 Exception <a 'sun/nio/fs/WindowsException'{0x0000000084c8ac18}> (0x0000000084c8ac18) 
thrown [s\src\hotspot\share\prims\jni.cpp, line 516]
Event: 13.403 Thread 0x0000017769813db0 Exception <a 'sun/nio/fs/WindowsException'{0x0000000084c8c0c8}> (0x0000000084c8c0c8) 
thrown [s\src\hotspot\share\prims\jni.cpp, line 516]
Event: 13.404 Thread 0x0000017769813db0 Exception <a 'sun/nio/fs/WindowsException'{0x0000000084c8d1a8}> (0x0000000084c8d1a8) 
thrown [s\src\hotspot\share\prims\jni.cpp, line 516]
Event: 13.462 Thread 0x0000017769813db0 Exception <a 'java/lang/NoSuchMethodError'{0x0000000084b91b08}: 'java.lang.Object java.lang.invoke.Invokers$Holder.invoker(java.lang.Object, java.lang.Object, java.lang.Object, java.lang.Object, java.lang.Object, java.lang.Object)'> (0x0000000084b91b08) 
thrown [s\src\hotspot\share\interpreter\linkResolver.cpp, line 759]
Event: 13.522 Thread 0x0000017769813db0 Exception <a 'java/lang/NoSuchMethodError'{0x0000000084ad18f0}: 'java.lang.Object java.lang.invoke.DelegatingMethodHandle$Holder.reinvoke_L(java.lang.Object, java.lang.Object, java.lang.Object, java.lang.Object, java.lang.Object, java.lang.Object, java.lang.Object, java.lang.Object, java.lang.Object, java.lang.Object, java.lang.Object, java.lang.Object, java.lang.Object, java.lang.Object, java.lang.Object, java.lang.Object, java.lang.Object, java.lang.Object, java.lang.Object, java.lang.Object, java.lang.O
Event: 13.524 Thread 0x0000017769813db0 Exception <a 'java/lang/NoSuchMethodError'{0x0000000084addbf8}: 'java.lang.Object java.lang.invoke.Invokers$Holder.invoker(java.lang.Object, java.lang.Object, java.lang.Object, java.lang.Object, java.lang.Object, java.lang.Object, java.lang.Object, java.lang.Object, java.lang.Object, java.lang.Object, java.lang.Object, java.lang.Object, java.lang.Object, java.lang.Object, java.lang.Object, java.lang.Object, java.lang.Object, java.lang.Object, java.lang.Object, java.lang.Object, java.lang.Object, java.lang.
Event: 13.525 Thread 0x0000017769813db0 Exception <a 'java/lang/NoSuchMethodError'{0x0000000084ae4818}: 'java.lang.Object java.lang.invoke.DelegatingMethodHandle$Holder.delegate(java.lang.Object, java.lang.Object, java.lang.Object, java.lang.Object, java.lang.Object, java.lang.Object, java.lang.Object, java.lang.Object, java.lang.Object, java.lang.Object, java.lang.Object, java.lang.Object, java.lang.Object, java.lang.Object, java.lang.Object, java.lang.Object, java.lang.Object, java.lang.Object, java.lang.Object, java.lang.Object, java.lang.Obj
Event: 13.555 Thread 0x0000017769813db0 Exception <a 'java/lang/NoSuchMethodError'{0x00000000849b4980}: 'java.lang.Object java.lang.invoke.DirectMethodHandle$Holder.invokeStatic(java.lang.Object, java.lang.Object, java.lang.Object, java.lang.Object, java.lang.Object, java.lang.Object, java.lang.Object, java.lang.Object, java.lang.Object, java.lang.Object, java.lang.Object, java.lang.Object, java.lang.Object, java.lang.Object, java.lang.Object, java.lang.Object, java.lang.Object, java.lang.Object, java.lang.Object, java.lang.Object, java.lang.Obj
Event: 13.560 Thread 0x0000017769813db0 Exception <a 'java/lang/NoSuchMethodError'{0x00000000849e8e48}: 'java.lang.Object java.lang.invoke.DirectMethodHandle$Holder.invokeStatic(java.lang.Object, java.lang.Object, java.lang.Object, java.lang.Object, java.lang.Object, java.lang.Object, java.lang.Object, java.lang.Object, java.lang.Object, java.lang.Object, java.lang.Object, java.lang.Object, java.lang.Object, java.lang.Object, java.lang.Object, java.lang.Object, java.lang.Object, java.lang.Object, java.lang.Object, java.lang.Object, java.lang.Obj
Event: 13.564 Thread 0x0000017769813db0 Exception <a 'java/lang/NoSuchMethodError'{0x000000008481eed8}: 'java.lang.Object java.lang.invoke.DirectMethodHandle$Holder.invokeStatic(java.lang.Object, java.lang.Object, java.lang.Object, java.lang.Object, java.lang.Object, java.lang.Object, java.lang.Object, java.lang.Object, java.lang.Object, java.lang.Object, java.lang.Object, java.lang.Object, java.lang.Object, java.lang.Object, java.lang.Object, java.lang.Object, java.lang.Object, java.lang.Object, java.lang.Object, java.lang.Object, java.lang.Obj
Event: 14.001 Thread 0x0000017769813db0 Exception <a 'java/lang/IncompatibleClassChangeError'{0x0000000084ef2c30}: Found class java.lang.Object, but interface was expected> (0x0000000084ef2c30) 
thrown [s\src\hotspot\share\interpreter\linkResolver.cpp, line 826]
Event: 14.027 Thread 0x0000017769813db0 Exception <a 'java/lang/NoSuchMethodError'{0x0000000084dbffe0}: 'java.lang.Object java.lang.invoke.DirectMethodHandle$Holder.newInvokeSpecial(java.lang.Object, java.lang.Object, long)'> (0x0000000084dbffe0) 
thrown [s\src\hotspot\share\interpreter\linkResolver.cpp, line 759]
Event: 14.028 Thread 0x0000017769813db0 Exception <a 'java/lang/NoSuchMethodError'{0x0000000084dc4898}: 'java.lang.Object java.lang.invoke.Invokers$Holder.linkToTargetMethod(java.lang.Object, long, java.lang.Object)'> (0x0000000084dc4898) 
thrown [s\src\hotspot\share\interpreter\linkResolver.cpp, line 759]
Event: 14.229 Thread 0x0000017769813db0 Exception <a 'java/lang/NoSuchMethodError'{0x00000000847642e8}: 'java.lang.Object java.lang.invoke.DirectMethodHandle$Holder.invokeVirtual(java.lang.Object, java.lang.Object, int)'> (0x00000000847642e8) 
thrown [s\src\hotspot\share\interpreter\linkResolver.cpp, line 759]
Event: 14.348 Thread 0x0000017769813db0 Exception <a 'java/lang/NoSuchMethodError'{0x00000000844f5e30}: 'java.lang.Object java.lang.invoke.DirectMethodHandle$Holder.invokeSpecialIFC(java.lang.Object, java.lang.Object, java.lang.Object, java.lang.Object)'> (0x00000000844f5e30) 
thrown [s\src\hotspot\share\interpreter\linkResolver.cpp, line 759]
Event: 14.356 Thread 0x0000017769813db0 Exception <a 'java/lang/NoSuchMethodError'{0x0000000084370550}: 'java.lang.Object java.lang.invoke.DirectMethodHandle$Holder.newInvokeSpecial(java.lang.Object, java.lang.Object, java.lang.Object, java.lang.Object, java.lang.Object, java.lang.Object, java.lang.Object, java.lang.Object, java.lang.Object, java.lang.Object)'> (0x0000000084370550) 
thrown [s\src\hotspot\share\interpreter\linkResolver.cpp, line 759]
Event: 14.357 Thread 0x0000017769813db0 Exception <a 'java/lang/NoSuchMethodError'{0x00000000843756e0}: 'java.lang.Object java.lang.invoke.Invokers$Holder.linkToTargetMethod(java.lang.Object, java.lang.Object, java.lang.Object, java.lang.Object, java.lang.Object, java.lang.Object, java.lang.Object, java.lang.Object, java.lang.Object, java.lang.Object)'> (0x00000000843756e0) 
thrown [s\src\hotspot\share\interpreter\linkResolver.cpp, line 759]

VM Operations (20 events):
Event: 12.557 Executing VM operation: HandshakeAllThreads
Event: 12.557 Executing VM operation: HandshakeAllThreads done
Event: 12.903 Executing VM operation: HandshakeAllThreads
Event: 12.904 Executing VM operation: HandshakeAllThreads done
Event: 12.904 Executing VM operation: HandshakeAllThreads
Event: 12.904 Executing VM operation: HandshakeAllThreads done
Event: 12.912 Executing VM operation: HandshakeAllThreads
Event: 12.912 Executing VM operation: HandshakeAllThreads done
Event: 13.043 Executing VM operation: HandshakeAllThreads
Event: 13.043 Executing VM operation: HandshakeAllThreads done
Event: 13.103 Executing VM operation: G1CollectForAllocation
Event: 13.108 Executing VM operation: G1CollectForAllocation done
Event: 13.614 Executing VM operation: HandshakeAllThreads
Event: 13.614 Executing VM operation: HandshakeAllThreads done
Event: 13.906 Executing VM operation: G1CollectForAllocation
Event: 13.910 Executing VM operation: G1CollectForAllocation done
Event: 14.007 Executing VM operation: HandshakeAllThreads
Event: 14.007 Executing VM operation: HandshakeAllThreads done
Event: 14.053 Executing VM operation: HandshakeAllThreads
Event: 14.053 Executing VM operation: HandshakeAllThreads done

Memory protections (0 events):
No events

Nmethod flushes (0 events):
No events

Events (20 events):
Event: 5.100 Thread 0x000001774a9fdf90 Thread added: 0x000001776e210f50
Event: 5.220 Thread 0x000001776f667010 Thread exited: 0x000001776f667010
Event: 5.586 Thread 0x000001776f3d97c0 Thread added: 0x000001776f51e010
Event: 5.715 Thread 0x000001776f51e010 Thread added: 0x000001776f51e4f0
Event: 7.619 Thread 0x000001776f51e010 Thread added: 0x00000177698147d0
Event: 7.656 Thread 0x000001776f51e010 Thread added: 0x0000017769813db0
Event: 7.735 Thread 0x0000017769813db0 Thread added: 0x00000177698142c0
Event: 7.765 Thread 0x0000017769813db0 Thread added: 0x0000017769816630
Event: 7.775 Thread 0x0000017769813db0 Thread added: 0x0000017769813390
Event: 9.421 Thread 0x0000017769813db0 Thread added: 0x0000017769814ce0
Event: 9.439 Thread 0x0000017769813db0 Thread added: 0x0000017769812e80
Event: 9.498 Thread 0x0000017769813db0 Thread added: 0x0000017769815c10
Event: 9.830 Thread 0x000001776932b910 Thread added: 0x000001776eac6080
Event: 10.855 Thread 0x000001776932b910 Thread added: 0x000001776fe180c0
Event: 10.993 Thread 0x0000017769813db0 Thread added: 0x00000177698151f0
Event: 11.054 Thread 0x0000017769813db0 Thread added: 0x0000017769816120
Event: 11.546 Thread 0x0000017769813db0 Thread added: 0x0000017769815700
Event: 11.559 Thread 0x0000017769813db0 Thread added: 0x000001776f62e3c0
Event: 14.335 Thread 0x0000017769813db0 Thread added: 0x000001776f62f2f0
Event: 14.389 Thread 0x0000017769813db0 Thread added: 0x000001776f630220


Dynamic libraries:
0x00007ff66e870000 - 0x00007ff66e87e000 	C:\Program Files\Microsoft\jdk-17.0.16.8-hotspot\bin\java.exe
0x00007ffdffce0000 - 0x00007ffdfff47000 	C:\WINDOWS\SYSTEM32\ntdll.dll
0x00007ffdfe060000 - 0x00007ffdfe129000 	C:\WINDOWS\System32\KERNEL32.DLL
0x00007ffdfd670000 - 0x00007ffdfda64000 	C:\WINDOWS\System32\KERNELBASE.dll
0x00007ffdfc5b0000 - 0x00007ffdfc6fb000 	C:\WINDOWS\System32\ucrtbase.dll
0x00007ffdedb40000 - 0x00007ffdedb58000 	C:\Program Files\Microsoft\jdk-17.0.16.8-hotspot\bin\jli.dll
0x00007ffde3ec0000 - 0x00007ffde3ede000 	C:\Program Files\Microsoft\jdk-17.0.16.8-hotspot\bin\VCRUNTIME140.dll
0x00007ffdfda70000 - 0x00007ffdfdc35000 	C:\WINDOWS\System32\USER32.dll
0x00007ffde94e0000 - 0x00007ffde9773000 	C:\WINDOWS\WinSxS\amd64_microsoft.windows.common-controls_6595b64144ccf1df_6.0.26100.8115_none_3e075c82e3354f9c\COMCTL32.dll
0x00007ffdfc700000 - 0x00007ffdfc727000 	C:\WINDOWS\System32\win32u.dll
0x00007ffdfebd0000 - 0x00007ffdfec79000 	C:\WINDOWS\System32\msvcrt.dll
0x00007ffdffb40000 - 0x00007ffdffb6b000 	C:\WINDOWS\System32\GDI32.dll
0x00007ffdfcc40000 - 0x00007ffdfcd6b000 	C:\WINDOWS\System32\gdi32full.dll
0x00007ffdfc970000 - 0x00007ffdfca13000 	C:\WINDOWS\System32\msvcp_win.dll
0x00007ffdfec80000 - 0x00007ffdfecb2000 	C:\WINDOWS\System32\IMM32.DLL
0x00007ffdf5870000 - 0x00007ffdf587c000 	C:\Program Files\Microsoft\jdk-17.0.16.8-hotspot\bin\vcruntime140_1.dll
0x00007ffd2a490000 - 0x00007ffd2a519000 	C:\Program Files\Microsoft\jdk-17.0.16.8-hotspot\bin\msvcp140.dll
0x00007ffd294d0000 - 0x00007ffd2a14a000 	C:\Program Files\Microsoft\jdk-17.0.16.8-hotspot\bin\server\jvm.dll
0x00007ffdfdfa0000 - 0x00007ffdfe056000 	C:\WINDOWS\System32\ADVAPI32.dll
0x00007ffdfeb20000 - 0x00007ffdfebc7000 	C:\WINDOWS\System32\sechost.dll
0x00007ffdff430000 - 0x00007ffdff548000 	C:\WINDOWS\System32\RPCRT4.dll
0x00007ffdfe4e0000 - 0x00007ffdfe560000 	C:\WINDOWS\System32\WS2_32.dll
0x00007ffdfc410000 - 0x00007ffdfc46e000 	C:\WINDOWS\SYSTEM32\POWRPROF.dll
0x00007ffdf5140000 - 0x00007ffdf514b000 	C:\WINDOWS\SYSTEM32\VERSION.dll
0x00007ffdf5100000 - 0x00007ffdf5136000 	C:\WINDOWS\SYSTEM32\WINMM.dll
0x00007ffdfc3f0000 - 0x00007ffdfc404000 	C:\WINDOWS\SYSTEM32\UMPDC.dll
0x00007ffdfb340000 - 0x00007ffdfb35b000 	C:\WINDOWS\SYSTEM32\kernel.appcore.dll
0x00007ffd781c0000 - 0x00007ffd781ca000 	C:\Program Files\Microsoft\jdk-17.0.16.8-hotspot\bin\jimage.dll
0x00007ffdf0610000 - 0x00007ffdf0852000 	C:\WINDOWS\SYSTEM32\DBGHELP.DLL
0x00007ffdfe570000 - 0x00007ffdfe8f2000 	C:\WINDOWS\System32\combase.dll
0x00007ffdfdd50000 - 0x00007ffdfde28000 	C:\WINDOWS\System32\OLEAUT32.dll
0x00007ffdea740000 - 0x00007ffdea77b000 	C:\WINDOWS\SYSTEM32\dbgcore.DLL
0x00007ffdfca20000 - 0x00007ffdfcac5000 	C:\WINDOWS\System32\bcryptPrimitives.dll
0x00007ffd497a0000 - 0x00007ffd497af000 	C:\Program Files\Microsoft\jdk-17.0.16.8-hotspot\bin\instrument.dll
0x00007ffd49d40000 - 0x00007ffd49d66000 	C:\Program Files\Microsoft\jdk-17.0.16.8-hotspot\bin\java.dll
0x00007ffd293f0000 - 0x00007ffd294c6000 	C:\Program Files\Microsoft\jdk-17.0.16.8-hotspot\bin\jsvml.dll
0x00007ffdfecc0000 - 0x00007ffdff427000 	C:\WINDOWS\System32\SHELL32.dll
0x00007ffdfcad0000 - 0x00007ffdfcc3a000 	C:\WINDOWS\System32\wintypes.dll
0x00007ffdfcd70000 - 0x00007ffdfd5d8000 	C:\WINDOWS\System32\windows.storage.dll
0x00007ffdfe130000 - 0x00007ffdfe228000 	C:\WINDOWS\System32\SHCORE.dll
0x00007ffdfe470000 - 0x00007ffdfe4d6000 	C:\WINDOWS\System32\shlwapi.dll
0x00007ffdfc4d0000 - 0x00007ffdfc4f9000 	C:\WINDOWS\SYSTEM32\profapi.dll
0x00007ffd2a450000 - 0x00007ffd2a468000 	C:\Program Files\Microsoft\jdk-17.0.16.8-hotspot\bin\zip.dll
0x00007ffd49d20000 - 0x00007ffd49d3b000 	C:\Program Files\Microsoft\jdk-17.0.16.8-hotspot\bin\net.dll
0x00007ffdf62c0000 - 0x00007ffdf63ed000 	C:\WINDOWS\SYSTEM32\WINHTTP.dll
0x00007ffdfb8b0000 - 0x00007ffdfb91c000 	C:\WINDOWS\system32\mswsock.dll
0x00007ffd2a470000 - 0x00007ffd2a486000 	C:\Program Files\Microsoft\jdk-17.0.16.8-hotspot\bin\nio.dll
0x00007ffd78030000 - 0x00007ffd78040000 	C:\Program Files\Microsoft\jdk-17.0.16.8-hotspot\bin\verify.dll
0x00007ffd62b20000 - 0x00007ffd62b47000 	C:\Users\Hype\.gradle\native\1def1411415f61bf3af743bc5b6707747c0891f09f0c88961ee8f79bc544acac\windows-amd64\native-platform.dll
0x00007ffd4cf00000 - 0x00007ffd4cf78000 	C:\Users\Hype\.gradle\native\0.2.7\x86_64-windows-gnu\gradle-fileevents.dll
0x00007ffd4ad10000 - 0x00007ffd4ad1a000 	C:\Program Files\Microsoft\jdk-17.0.16.8-hotspot\bin\management.dll
0x00007ffd4a070000 - 0x00007ffd4a07c000 	C:\Program Files\Microsoft\jdk-17.0.16.8-hotspot\bin\management_ext.dll
0x00007ffdfdc40000 - 0x00007ffdfdc48000 	C:\WINDOWS\System32\PSAPI.DLL
0x00007ffdfad40000 - 0x00007ffdfad72000 	C:\WINDOWS\SYSTEM32\IPHLPAPI.DLL
0x00007ffdfdcb0000 - 0x00007ffdfdcba000 	C:\WINDOWS\System32\NSI.dll
0x00007ffdf65c0000 - 0x00007ffdf65dd000 	C:\WINDOWS\SYSTEM32\dhcpcsvc6.DLL
0x00007ffdf6590000 - 0x00007ffdf65b5000 	C:\WINDOWS\SYSTEM32\dhcpcsvc.DLL
0x00007ffdfadd0000 - 0x00007ffdfaf02000 	C:\WINDOWS\SYSTEM32\DNSAPI.dll
0x00007ffd49ca0000 - 0x00007ffd49ca9000 	C:\Program Files\Microsoft\jdk-17.0.16.8-hotspot\bin\extnet.dll
0x00007ffdfbb90000 - 0x00007ffdfbbab000 	C:\WINDOWS\SYSTEM32\CRYPTSP.dll
0x00007ffdfb2a0000 - 0x00007ffdfb2d9000 	C:\WINDOWS\system32\rsaenh.dll
0x00007ffdfb960000 - 0x00007ffdfb993000 	C:\WINDOWS\SYSTEM32\USERENV.dll
0x00007ffdfc4a0000 - 0x00007ffdfc4ca000 	C:\WINDOWS\SYSTEM32\bcrypt.dll
0x00007ffdfbbb0000 - 0x00007ffdfbbbc000 	C:\WINDOWS\SYSTEM32\CRYPTBASE.dll
0x00007ffdee9b0000 - 0x00007ffdee9be000 	C:\Program Files\Microsoft\jdk-17.0.16.8-hotspot\bin\sunmscapi.dll
0x00007ffdfc730000 - 0x00007ffdfc8a7000 	C:\WINDOWS\System32\CRYPT32.dll
0x00007ffdfbdb0000 - 0x00007ffdfbde0000 	C:\WINDOWS\SYSTEM32\ncrypt.dll
0x00007ffdfbd60000 - 0x00007ffdfbd9f000 	C:\WINDOWS\SYSTEM32\NTASN1.dll
0x00007ffdc60e0000 - 0x00007ffdc60e8000 	C:\WINDOWS\system32\wshunix.dll

dbghelp: loaded successfully - version: 4.0.5 - missing functions: none
symbol engine: initialized successfully - sym options: 0x614 - pdb path: .;C:\Program Files\Microsoft\jdk-17.0.16.8-hotspot\bin;C:\WINDOWS\SYSTEM32;C:\WINDOWS\WinSxS\amd64_microsoft.windows.common-controls_6595b64144ccf1df_6.0.26100.8115_none_3e075c82e3354f9c;C:\Program Files\Microsoft\jdk-17.0.16.8-hotspot\bin\server;C:\Users\Hype\.gradle\native\1def1411415f61bf3af743bc5b6707747c0891f09f0c88961ee8f79bc544acac\windows-amd64;C:\Users\Hype\.gradle\native\0.2.7\x86_64-windows-gnu

VM Arguments:
jvm_args: --add-opens=java.base/java.lang=ALL-UNNAMED --add-opens=java.base/java.lang.invoke=ALL-UNNAMED --add-opens=java.base/java.util=ALL-UNNAMED --add-opens=java.prefs/java.util.prefs=ALL-UNNAMED --add-exports=jdk.compiler/com.sun.tools.javac.api=ALL-UNNAMED --add-exports=jdk.compiler/com.sun.tools.javac.util=ALL-UNNAMED --add-opens=java.base/java.util=ALL-UNNAMED --add-opens=java.prefs/java.util.prefs=ALL-UNNAMED --add-opens=java.base/java.nio.charset=ALL-UNNAMED --add-opens=java.base/java.net=ALL-UNNAMED --add-opens=java.base/java.util.concurrent.atomic=ALL-UNNAMED --add-opens=java.xml/javax.xml.namespace=ALL-UNNAMED -Xmx2048m -Dfile.encoding=UTF-8 -Duser.country=ID -Duser.language=en -Duser.variant -javaagent:C:\Users\Hype\.gradle\wrapper\dists\gradle-8.13-bin\5xuhj0ry160q40clulazy9h7d\gradle-8.13\lib\agents\gradle-instrumentation-agent-8.13.jar 
java_command: org.gradle.launcher.daemon.bootstrap.GradleDaemon 8.13
java_class_path (initial): C:\Users\Hype\.gradle\wrapper\dists\gradle-8.13-bin\5xuhj0ry160q40clulazy9h7d\gradle-8.13\lib\gradle-daemon-main-8.13.jar
Launcher Type: SUN_STANDARD

[Global flags]
     intx CICompilerCount                          = 4                                         {product} {ergonomic}
     uint ConcGCThreads                            = 3                                         {product} {ergonomic}
     uint G1ConcRefinementThreads                  = 10                                        {product} {ergonomic}
   size_t G1HeapRegionSize                         = 1048576                                   {product} {ergonomic}
    uintx GCDrainStackTargetSize                   = 64                                        {product} {ergonomic}
   size_t InitialHeapSize                          = 192937984                                 {product} {ergonomic}
   size_t MarkStackSize                            = 4194304                                   {product} {ergonomic}
   size_t MaxHeapSize                              = 2147483648                                {product} {command line}
   size_t MaxNewSize                               = 1287651328                                {product} {ergonomic}
   size_t MinHeapDeltaBytes                        = 1048576                                   {product} {ergonomic}
   size_t MinHeapSize                              = 8388608                                   {product} {ergonomic}
    uintx NonNMethodCodeHeapSize                   = 5839372                                {pd product} {ergonomic}
    uintx NonProfiledCodeHeapSize                  = 122909434                              {pd product} {ergonomic}
    uintx ProfiledCodeHeapSize                     = 122909434                              {pd product} {ergonomic}
    uintx ReservedCodeCacheSize                    = 251658240                              {pd product} {ergonomic}
     bool SegmentedCodeCache                       = true                                      {product} {ergonomic}
   size_t SoftMaxHeapSize                          = 2147483648                             {manageable} {ergonomic}
     bool UseCompressedClassPointers               = true                           {product lp64_product} {ergonomic}
     bool UseCompressedOops                        = true                           {product lp64_product} {ergonomic}
     bool UseG1GC                                  = true                                      {product} {ergonomic}
     bool UseLargePagesIndividualAllocation        = false                                  {pd product} {ergonomic}

Logging:
Log output configuration:
 #0: stdout all=warning uptime,level,tags
 #1: stderr all=off uptime,level,tags

Environment Variables:
JAVA_HOME=C:\Program Files\Microsoft\jdk-17.0.16.8-hotspot\
CLASSPATH=E:\TUGAS REVAN\Tugas KK\cbt-application\\gradle\wrapper\gradle-wrapper.jar
PATH=C:\Users\Hype\AppData\Local\Programs\Windsurf;C:\Program Files (x86)\Common Files\Oracle\Java\java8path;C:\Program Files (x86)\Common Files\Oracle\Java\javapath;C:\Program Files\Microsoft\jdk-17.0.16.8-hotspot\bin;C:\WINDOWS\system32;C:\WINDOWS;C:\WINDOWS\System32\Wbem;C:\WINDOWS\System32\WindowsPowerShell\v1.0\;C:\WINDOWS\System32\OpenSSH\;C:\Program Files (x86)\Microsoft SQL Server\160\Tools\Binn\;C:\Program Files\Microsoft SQL Server\160\Tools\Binn\;C:\Program Files\Microsoft SQL Server\Client SDK\ODBC\170\Tools\Binn\;C:\Program Files\Microsoft SQL Server\160\DTS\Binn\;C:\Program Files (x86)\Microsoft SQL Server\160\DTS\Binn\;C:\Program Files\Microsoft SQL Server\150\Tools\Binn\;C:\Program Files\dotnet\;C:\Program Files\nodejs\;C:\ProgramData\chocolatey\bin;C:\Program Files\Git\cmd;C:\ProgramData\ComposerSetup\bin;C:\xampp\php;C:\Users\Hype\.config\herd-lite\bin;C:\Users\Hype\AppData\Local\Microsoft\WindowsApps;C:\Users\Hype\AppData\Local\Programs\Microsoft VS Code\bin;C:\Users\Hype\.dotnet\tools;C:\Users\Hype\AppData\Roaming\npm;C:\Users\Hype\AppData\Roaming\Composer\vendor\bin;C:\Users\Hype\AppData\Local\Programs\Windsurf\bin
USERNAME=Hype
LANG=en_US.UTF-8
OS=Windows_NT
PROCESSOR_IDENTIFIER=AMD64 Family 25 Model 80 Stepping 0, AuthenticAMD
TMP=C:\Users\Hype\AppData\Local\Temp
TEMP=C:\Users\Hype\AppData\Local\Temp



Periodic native trim disabled


---------------  S Y S T E M  ---------------

OS:
 Windows 11 , 64 bit Build 26100 (10.0.26100.8246)
OS uptime: 0 days 2:23 hours

CPU: total 12 (initial active 12) (12 cores per cpu, 2 threads per core) family 25 model 80 stepping 0 microcode 0xa50000f, cx8, cmov, fxsr, ht, mmx, 3dnowpref, sse, sse2, sse3, ssse3, sse4a, sse4.1, sse4.2, popcnt, lzcnt, tsc, tscinvbit, avx, avx2, aes, erms, clmul, bmi1, bmi2, adx, sha, fma, vzeroupper, clflush, clflushopt
Processor Information for the first 12 processors :
  Max Mhz: 2301, Current Mhz: 1904, Mhz Limit: 2301

Memory: 4k page, system-wide physical 11676M (1743M free)
TotalPageFile size 25593M (AvailPageFile size 730M)
current process WorkingSet (physical memory assigned to process): 242M, peak: 276M
current process commit charge ("private bytes"): 297M, peak: 373M

vm_info: OpenJDK 64-Bit Server VM (17.0.16+8-LTS) for windows-amd64 JRE (17.0.16+8-LTS), built on Jul 10 2025 00:24:24 by "MicrosoftCorporation" with unknown MS VC++:1944

END.
